<?xml version="1.0" encoding="UTF-8"?>
<!-- Generated by org.testng.reporters.JUnitReportReporter -->
<testsuite hostname="LAPTOP-GL3M73A9" failures="0" tests="7" name="TestCases" time="0.022" errors="0" timestamp="2021-08-19T03:14:01 IST" skipped="0">
  <testcase classname="TestCases" name="emptyStringReturnsZero" time="0.001"/>
  <system-out/>
  <testcase classname="TestCases" name="commaDelimitedReturnsSum" time="0.010"/>
  <system-out/>
  <testcase classname="TestCases" name="negativeInputReturnsException" time="0.003"/>
  <system-out/>
  <testcase classname="TestCases" name="ignoresNumberGreaterThan1000" time="0.002"/>
  <system-out/>
  <testcase classname="TestCases" name="threeNumbersDelimitedBothWaysReturnsSum" time="0.002"/>
  <system-out/>
  <testcase classname="TestCases" name="twoNumbersNewLineDelimitedReturnsSum" time="0.002"/>
  <system-out/>
  <testcase classname="TestCases" name="singleValueIsReplied" time="0.002"/>
  <system-out/>
</testsuite> <!-- TestCases -->
