<?xml version="1.0" encoding="UTF-8"?>
<!-- Generated by org.testng.reporters.JUnitReportReporter -->
<testsuite hostname="LAPTOP-GL3M73A9" failures="0" tests="6" name="TestCases" time="0.017" errors="0" timestamp="2021-08-19T03:08:49 IST" skipped="0">
  <testcase classname="TestCases" name="negativeInputReturnsException" time="0.001"/>
  <system-out/>
  <testcase classname="TestCases" name="threeNumbersDelimitedBothWaysReturnsSum" time="0.002"/>
  <system-out/>
  <testcase classname="TestCases" name="singleValueIsReplied" time="0.003"/>
  <system-out/>
  <testcase classname="TestCases" name="emptyStringReturnsZero" time="0.001"/>
  <system-out/>
  <testcase classname="TestCases" name="commaDelimitedReturnsSum" time="0.008"/>
  <system-out/>
  <testcase classname="TestCases" name="twoNumbersNewLineDelimitedReturnsSum" time="0.002"/>
  <system-out/>
</testsuite> <!-- TestCases -->
