<?xml version="1.0" encoding="UTF-8"?>
<!-- Generated by org.testng.reporters.JUnitReportReporter -->
<testsuite hostname="LAPTOP-GL3M73A9" failures="0" tests="5" name="TestCases" time="0.014" errors="0" timestamp="2021-08-19T02:50:30 IST" skipped="0">
  <testcase classname="TestCases" name="threeNumbersDelimitedBothWaysReturnsSum" time="0.001"/>
  <system-out/>
  <testcase classname="TestCases" name="emptyStringReturnsZero" time="0.002"/>
  <system-out/>
  <testcase classname="TestCases" name="twoNumbersNewLineDelimitedReturnsSum" time="0.002"/>
  <system-out/>
  <testcase classname="TestCases" name="singleValueIsReplied" time="0.001"/>
  <system-out/>
  <testcase classname="TestCases" name="commaDelimitedReturnsSum" time="0.008"/>
  <system-out/>
</testsuite> <!-- TestCases -->
