<?xml version="1.0" encoding="UTF-8"?>
<!-- Generated by org.testng.reporters.JUnitReportReporter -->
<testsuite hostname="LAPTOP-GL3M73A9" failures="0" tests="3" name="TestCases" time="0.049" errors="0" timestamp="2021-08-19T02:24:57 IST" skipped="0">
  <testcase classname="TestCases" name="commaDelimitedReturnsSum" time="0.035"/>
  <system-out/>
  <testcase classname="TestCases" name="singleValueIsReplied" time="0.011"/>
  <system-out/>
  <testcase classname="TestCases" name="emptyStringReturnsZero" time="0.003"/>
  <system-out/>
</testsuite> <!-- TestCases -->
